TN:
SF:src\config\rabbitmq.ts
FN:13,(anonymous_0)
FN:37,(anonymous_1)
FN:52,(anonymous_2)
FN:53,(anonymous_3)
FN:77,(anonymous_4)
FN:104,(anonymous_5)
FN:117,(anonymous_6)
FNF:7
FNH:0
FNDA:0,(anonymous_0)
FNDA:0,(anonymous_1)
FNDA:0,(anonymous_2)
FNDA:0,(anonymous_3)
FNDA:0,(anonymous_4)
FNDA:0,(anonymous_5)
FNDA:0,(anonymous_6)
DA:3,0
DA:5,0
DA:13,0
DA:14,0
DA:16,0
DA:17,0
DA:18,0
DA:20,0
DA:21,0
DA:22,0
DA:24,0
DA:26,0
DA:27,0
DA:28,0
DA:30,0
DA:31,0
DA:32,0
DA:34,0
DA:37,0
DA:42,0
DA:44,0
DA:52,0
DA:53,0
DA:54,0
DA:56,0
DA:57,0
DA:58,0
DA:60,0
DA:62,0
DA:63,0
DA:64,0
DA:65,0
DA:66,0
DA:67,0
DA:70,0
DA:72,0
DA:73,0
DA:77,0
DA:78,0
DA:80,0
DA:81,0
DA:82,0
DA:84,0
DA:86,0
DA:87,0
DA:88,0
DA:89,0
DA:90,0
DA:91,0
DA:94,0
DA:96,0
DA:97,0
DA:101,0
DA:104,0
DA:109,0
DA:117,0
DA:122,0
LF:57
LH:0
BRDA:14,0,0,0
BRDA:14,0,1,0
BRDA:42,1,0,0
BRDA:42,1,1,0
BRDA:54,2,0,0
BRDA:62,3,0,0
BRDA:62,3,1,0
BRDA:64,4,0,0
BRDA:64,4,1,0
BRDA:66,5,0,0
BRDA:78,6,0,0
BRDA:86,7,0,0
BRDA:86,7,1,0
BRDA:88,8,0,0
BRDA:88,8,1,0
BRDA:90,9,0,0
BRF:16
BRH:0
end_of_record
TN:
SF:src\controllers\orderController.ts
FN:10,(anonymous_1)
FN:37,(anonymous_2)
FN:63,(anonymous_3)
FN:93,(anonymous_4)
FN:119,(anonymous_5)
FN:148,(anonymous_6)
FN:169,(anonymous_7)
FN:190,(anonymous_8)
FN:212,(anonymous_9)
FN:238,(anonymous_10)
FN:263,(anonymous_11)
FN:285,(anonymous_12)
FN:307,(anonymous_13)
FN:346,(anonymous_14)
FN:364,(anonymous_15)
FN:382,(anonymous_16)
FNF:16
FNH:0
FNDA:0,(anonymous_1)
FNDA:0,(anonymous_2)
FNDA:0,(anonymous_3)
FNDA:0,(anonymous_4)
FNDA:0,(anonymous_5)
FNDA:0,(anonymous_6)
FNDA:0,(anonymous_7)
FNDA:0,(anonymous_8)
FNDA:0,(anonymous_9)
FNDA:0,(anonymous_10)
FNDA:0,(anonymous_11)
FNDA:0,(anonymous_12)
FNDA:0,(anonymous_13)
FNDA:0,(anonymous_14)
FNDA:0,(anonymous_15)
FNDA:0,(anonymous_16)
DA:2,0
DA:4,0
DA:5,0
DA:8,0
DA:15,0
DA:16,0
DA:17,0
DA:19,0
DA:26,0
DA:28,0
DA:33,0
DA:42,0
DA:43,0
DA:45,0
DA:47,0
DA:49,0
DA:54,0
DA:59,0
DA:68,0
DA:69,0
DA:71,0
DA:73,0
DA:84,0
DA:89,0
DA:98,0
DA:99,0
DA:101,0
DA:104,0
DA:110,0
DA:115,0
DA:124,0
DA:125,0
DA:127,0
DA:129,0
DA:131,0
DA:138,0
DA:143,0
DA:153,0
DA:154,0
DA:157,0
DA:159,0
DA:164,0
DA:174,0
DA:175,0
DA:177,0
DA:181,0
DA:186,0
DA:195,0
DA:196,0
DA:198,0
DA:203,0
DA:208,0
DA:217,0
DA:218,0
DA:220,0
DA:223,0
DA:229,0
DA:234,0
DA:243,0
DA:244,0
DA:246,0
DA:249,0
DA:254,0
DA:259,0
DA:268,0
DA:269,0
DA:271,0
DA:275,0
DA:280,0
DA:290,0
DA:291,0
DA:293,0
DA:295,0
DA:299,0
DA:300,0
DA:306,0
DA:307,0
DA:321,0
DA:328,0
DA:331,0
DA:336,0
DA:341,0
DA:351,0
DA:353,0
DA:355,0
DA:360,0
DA:369,0
DA:371,0
DA:373,0
DA:378,0
DA:387,0
DA:388,0
DA:391,0
DA:393,0
DA:398,0
DA:403,0
LF:96
LH:0
BRDA:51,0,0,0
BRDA:51,0,1,0
BRDA:77,1,0,0
BRDA:77,1,1,0
BRDA:78,2,0,0
BRDA:78,2,1,0
BRDA:299,3,0,0
BRF:7
BRH:0
end_of_record
TN:
SF:src\dtos\order.dto.ts
FN:69,(anonymous_2)
FN:73,(anonymous_3)
FN:78,(anonymous_4)
FNF:3
FNH:0
FNDA:0,(anonymous_2)
FNDA:0,(anonymous_3)
FNDA:0,(anonymous_4)
DA:1,0
DA:14,0
DA:18,0
DA:20,0
DA:23,0
DA:27,0
DA:30,0
DA:33,0
DA:36,0
DA:39,0
DA:43,0
DA:47,0
DA:49,0
DA:52,0
DA:55,0
DA:59,0
DA:62,0
DA:66,0
DA:69,0
DA:70,0
DA:73,0
DA:74,0
DA:78,0
DA:79,0
DA:83,0
DA:87,0
DA:91,0
DA:95,0
DA:97,0
DA:101,0
DA:105,0
DA:109,0
DA:111,0
DA:115,0
DA:117,0
DA:120,0
DA:123,0
DA:127,0
DA:130,0
DA:134,0
DA:137,0
DA:141,0
DA:143,0
DA:147,0
DA:150,0
DA:153,0
DA:157,0
DA:161,0
DA:164,0
DA:167,0
DA:171,0
DA:173,0
DA:176,0
DA:180,0
DA:183,0
DA:188,0
DA:193,0
DA:197,0
DA:201,0
LF:59
LH:0
BRF:0
BRH:0
end_of_record
TN:
SF:src\lib\prisma.ts
FNF:0
FNH:0
DA:1,0
DA:3,0
DA:7,0
DA:11,0
DA:13,0
LF:5
LH:0
BRDA:7,0,0,0
BRDA:7,0,1,0
BRDA:8,1,0,0
BRDA:8,1,1,0
BRDA:11,2,0,0
BRF:5
BRH:0
end_of_record
TN:
SF:src\middleware\auth.ts
FN:18,(anonymous_1)
FN:44,(anonymous_2)
FN:45,(anonymous_3)
FNF:3
FNH:3
FNDA:1,(anonymous_1)
FNDA:1,(anonymous_2)
FNDA:1,(anonymous_3)
DA:2,1
DA:3,1
DA:4,1
DA:18,1
DA:23,1
DA:24,1
DA:26,1
DA:27,0
DA:30,1
DA:31,1
DA:33,1
DA:34,1
DA:36,0
DA:37,0
DA:39,0
DA:44,1
DA:45,1
DA:46,1
DA:47,1
DA:48,0
DA:50,1
LF:21
LH:16
BRDA:26,0,0,0
BRDA:26,1,0,1
BRDA:26,1,1,1
BRDA:36,2,0,0
BRDA:36,2,1,0
BRDA:47,3,0,0
BRDA:47,4,0,1
BRDA:47,4,1,1
BRF:8
BRH:4
end_of_record
TN:
SF:src\middleware\errorHandler.ts
FN:10,(anonymous_0)
FN:42,(anonymous_1)
FN:54,(anonymous_2)
FNF:3
FNH:2
FNDA:0,(anonymous_0)
FNDA:1,(anonymous_1)
FNDA:1,(anonymous_2)
DA:2,2
DA:10,2
DA:16,0
DA:17,0
DA:19,0
DA:20,0
DA:28,0
DA:29,0
DA:35,0
DA:36,0
DA:42,2
DA:43,1
DA:44,1
DA:45,1
DA:46,1
DA:49,2
DA:55,1
DA:56,1
DA:57,1
DA:58,1
DA:59,1
LF:21
LH:13
BRDA:16,0,0,0
BRDA:16,0,1,0
BRDA:17,1,0,0
BRDA:17,1,1,0
BRDA:19,2,0,0
BRDA:28,3,0,0
BRDA:57,4,0,1
BRDA:57,4,1,0
BRF:8
BRH:1
end_of_record
TN:
SF:src\middleware\requestLogger.ts
FN:8,(anonymous_0)
FN:15,(anonymous_1)
FNF:2
FNH:0
FNDA:0,(anonymous_0)
FNDA:0,(anonymous_1)
DA:2,0
DA:8,0
DA:9,0
DA:10,0
DA:11,0
DA:13,0
DA:15,0
DA:16,0
DA:17,0
DA:25,0
DA:28,0
LF:11
LH:0
BRF:0
BRH:0
end_of_record
TN:
SF:src\middleware\validateDto.ts
FN:6,(anonymous_0)
FN:7,(anonymous_1)
FN:13,(anonymous_2)
FNF:3
FNH:0
FNDA:0,(anonymous_0)
FNDA:0,(anonymous_1)
FNDA:0,(anonymous_2)
DA:2,0
DA:3,0
DA:4,0
DA:6,0
DA:7,0
DA:8,0
DA:9,0
DA:11,0
DA:12,0
DA:13,0
DA:16,0
DA:18,0
DA:19,0
LF:13
LH:0
BRDA:11,0,0,0
BRDA:11,0,1,0
BRDA:13,1,0,0
BRDA:13,1,1,0
BRF:4
BRH:0
end_of_record
TN:
SF:src\routes\orderRoutes.ts
FNF:0
FNH:0
DA:1,0
DA:2,0
DA:3,0
DA:4,0
DA:5,0
DA:15,0
DA:18,0
DA:21,0
DA:22,0
DA:23,0
DA:24,0
DA:25,0
DA:26,0
DA:29,0
DA:30,0
DA:31,0
DA:32,0
DA:33,0
DA:36,0
DA:39,0
DA:40,0
DA:41,0
DA:43,0
LF:23
LH:0
BRF:0
BRH:0
end_of_record
TN:
SF:src\services\orderService.ts
FN:9,(anonymous_1)
FN:32,(anonymous_2)
FN:35,(anonymous_3)
FN:108,(anonymous_4)
FN:121,(anonymous_5)
FN:146,(anonymous_6)
FN:191,(anonymous_7)
FN:248,(anonymous_8)
FN:280,(anonymous_9)
FN:300,(anonymous_10)
FN:335,(anonymous_11)
FN:357,(anonymous_12)
FN:378,(anonymous_13)
FN:388,(anonymous_14)
FN:392,(anonymous_15)
FN:406,(anonymous_16)
FN:411,(anonymous_17)
FN:465,(anonymous_18)
FN:480,(anonymous_19)
FNF:19
FNH:0
FNDA:0,(anonymous_1)
FNDA:0,(anonymous_2)
FNDA:0,(anonymous_3)
FNDA:0,(anonymous_4)
FNDA:0,(anonymous_5)
FNDA:0,(anonymous_6)
FNDA:0,(anonymous_7)
FNDA:0,(anonymous_8)
FNDA:0,(anonymous_9)
FNDA:0,(anonymous_10)
FNDA:0,(anonymous_11)
FNDA:0,(anonymous_12)
FNDA:0,(anonymous_13)
FNDA:0,(anonymous_14)
FNDA:0,(anonymous_15)
FNDA:0,(anonymous_16)
FNDA:0,(anonymous_17)
FNDA:0,(anonymous_18)
FNDA:0,(anonymous_19)
DA:2,0
DA:3,0
DA:4,0
DA:6,0
DA:9,0
DA:10,0
DA:11,0
DA:12,0
DA:13,0
DA:14,0
DA:15,0
DA:16,0
DA:20,0
DA:30,0
DA:34,0
DA:35,0
DA:36,0
DA:37,0
DA:38,0
DA:49,0
DA:50,0
DA:52,0
DA:53,0
DA:57,0
DA:58,0
DA:61,0
DA:64,0
DA:85,0
DA:86,0
DA:96,0
DA:103,0
DA:108,0
DA:118,0
DA:122,0
DA:134,0
DA:135,0
DA:139,0
DA:140,0
DA:143,0
DA:147,0
DA:148,0
DA:149,0
DA:151,0
DA:153,0
DA:154,0
DA:157,0
DA:158,0
DA:159,0
DA:160,0
DA:162,0
DA:163,0
DA:167,0
DA:180,0
DA:192,0
DA:196,0
DA:197,0
DA:201,0
DA:202,0
DA:203,0
DA:209,0
DA:214,0
DA:216,0
DA:217,0
DA:219,0
DA:220,0
DA:221,0
DA:223,0
DA:225,0
DA:226,0
DA:228,0
DA:229,0
DA:232,0
DA:238,0
DA:239,0
DA:245,0
DA:249,0
DA:252,0
DA:253,0
DA:259,0
DA:269,0
DA:276,0
DA:281,0
DA:288,0
DA:289,0
DA:297,0
DA:301,0
DA:304,0
DA:311,0
DA:313,0
DA:323,0
DA:336,0
DA:338,0
DA:345,0
DA:346,0
DA:349,0
DA:358,0
DA:360,0
DA:367,0
DA:368,0
DA:371,0
DA:375,0
DA:379,0
DA:381,0
DA:385,0
DA:389,0
DA:391,0
DA:392,0
DA:393,0
DA:394,0
DA:395,0
DA:402,0
DA:406,0
DA:412,0
DA:416,0
DA:417,0
DA:420,0
DA:421,0
DA:424,0
DA:425,0
DA:426,0
DA:429,0
DA:430,0
DA:433,0
DA:434,0
DA:435,0
DA:443,0
DA:445,0
DA:446,0
DA:448,0
DA:451,0
DA:452,0
DA:456,0
DA:466,0
DA:481,0
DA:485,0
DA:486,0
DA:489,0
DA:493,0
LF:138
LH:0
BRDA:9,0,0,0
BRDA:9,0,1,0
BRDA:52,1,0,0
BRDA:72,2,0,0
BRDA:72,2,1,0
BRDA:85,3,0,0
BRDA:134,4,0,0
BRDA:139,5,0,0
BRDA:139,6,0,0
BRDA:139,6,1,0
BRDA:147,7,0,0
BRDA:147,7,1,0
BRDA:148,8,0,0
BRDA:148,8,1,0
BRDA:153,9,0,0
BRDA:157,10,0,0
BRDA:157,11,0,0
BRDA:157,11,1,0
BRDA:159,12,0,0
BRDA:162,13,0,0
BRDA:196,14,0,0
BRDA:201,15,0,0
BRDA:201,15,1,0
BRDA:202,16,0,0
BRDA:214,17,0,0
BRDA:214,17,1,0
BRDA:214,17,2,0
BRDA:214,17,3,0
BRDA:220,18,0,0
BRDA:252,19,0,0
BRDA:264,20,0,0
BRDA:264,20,1,0
BRDA:288,21,0,0
BRDA:311,22,0,0
BRDA:345,23,0,0
BRDA:367,24,0,0
BRDA:416,25,0,0
BRDA:420,26,0,0
BRDA:425,27,0,0
BRDA:425,28,0,0
BRDA:425,28,1,0
BRDA:429,29,0,0
BRDA:429,30,0,0
BRDA:429,30,1,0
BRDA:433,31,0,0
BRDA:433,31,1,0
BRDA:434,32,0,0
BRDA:434,33,0,0
BRDA:434,33,1,0
BRDA:445,34,0,0
BRDA:445,34,1,0
BRDA:451,35,0,0
BRDA:472,36,0,0
BRDA:472,36,1,0
BRDA:485,37,0,0
BRF:55
BRH:0
end_of_record
TN:
SF:src\services\sagaOrchestrator.ts
FN:7,(anonymous_1)
FN:20,(anonymous_2)
FN:49,(anonymous_3)
FN:55,(anonymous_4)
FN:91,(anonymous_5)
FN:102,(anonymous_6)
FN:120,(anonymous_7)
FN:144,(anonymous_8)
FN:160,(anonymous_9)
FN:186,(anonymous_10)
FN:210,(anonymous_11)
FN:226,(anonymous_12)
FN:240,(anonymous_13)
FN:272,(anonymous_14)
FN:288,(anonymous_15)
FN:309,(anonymous_16)
FN:337,(anonymous_17)
FN:346,(anonymous_18)
FN:358,(anonymous_19)
FN:378,(anonymous_20)
FN:394,(anonymous_21)
FN:418,(anonymous_22)
FN:431,(anonymous_23)
FN:462,(anonymous_24)
FN:472,(anonymous_25)
FN:487,(anonymous_26)
FN:498,(anonymous_27)
FN:508,(anonymous_28)
FNF:28
FNH:0
FNDA:0,(anonymous_1)
FNDA:0,(anonymous_2)
FNDA:0,(anonymous_3)
FNDA:0,(anonymous_4)
FNDA:0,(anonymous_5)
FNDA:0,(anonymous_6)
FNDA:0,(anonymous_7)
FNDA:0,(anonymous_8)
FNDA:0,(anonymous_9)
FNDA:0,(anonymous_10)
FNDA:0,(anonymous_11)
FNDA:0,(anonymous_12)
FNDA:0,(anonymous_13)
FNDA:0,(anonymous_14)
FNDA:0,(anonymous_15)
FNDA:0,(anonymous_16)
FNDA:0,(anonymous_17)
FNDA:0,(anonymous_18)
FNDA:0,(anonymous_19)
FNDA:0,(anonymous_20)
FNDA:0,(anonymous_21)
FNDA:0,(anonymous_22)
FNDA:0,(anonymous_23)
FNDA:0,(anonymous_24)
FNDA:0,(anonymous_25)
FNDA:0,(anonymous_26)
FNDA:0,(anonymous_27)
FNDA:0,(anonymous_28)
DA:2,0
DA:3,0
DA:4,0
DA:7,0
DA:8,0
DA:9,0
DA:10,0
DA:11,0
DA:12,0
DA:14,0
DA:15,0
DA:16,0
DA:20,0
DA:21,0
DA:22,0
DA:23,0
DA:24,0
DA:25,0
DA:26,0
DA:50,0
DA:51,0
DA:57,0
DA:76,0
DA:81,0
DA:82,0
DA:83,0
DA:87,0
DA:96,0
DA:97,0
DA:100,0
DA:102,0
DA:110,0
DA:115,0
DA:121,0
DA:125,0
DA:126,0
DA:127,0
DA:131,0
DA:134,0
DA:138,0
DA:139,0
DA:145,0
DA:149,0
DA:150,0
DA:151,0
DA:155,0
DA:156,0
DA:161,0
DA:163,0
DA:164,0
DA:167,0
DA:176,0
DA:181,0
DA:187,0
DA:191,0
DA:192,0
DA:193,0
DA:197,0
DA:203,0
DA:206,0
DA:211,0
DA:215,0
DA:216,0
DA:217,0
DA:221,0
DA:222,0
DA:227,0
DA:230,0
DA:234,0
DA:235,0
DA:241,0
DA:243,0
DA:244,0
DA:247,0
DA:256,0
DA:262,0
DA:265,0
DA:267,0
DA:273,0
DA:275,0
DA:279,0
DA:280,0
DA:283,0
DA:289,0
DA:292,0
DA:301,0
DA:302,0
DA:304,0
DA:305,0
DA:306,0
DA:307,0
DA:309,0
DA:314,0
DA:315,0
DA:321,0
DA:326,0
DA:329,0
DA:338,0
DA:347,0
DA:363,0
DA:367,0
DA:369,0
DA:370,0
DA:372,0
DA:379,0
DA:383,0
DA:385,0
DA:386,0
DA:388,0
DA:400,0
DA:404,0
DA:407,0
DA:416,0
DA:417,0
DA:418,0
DA:419,0
DA:423,0
DA:436,0
DA:440,0
DA:442,0
DA:447,0
DA:449,0
DA:451,0
DA:452,0
DA:454,0
DA:455,0
DA:457,0
DA:458,0
DA:463,0
DA:477,0
DA:478,0
DA:481,0
DA:488,0
DA:492,0
DA:494,0
DA:495,0
DA:498,0
DA:499,0
DA:502,0
DA:503,0
DA:509,0
DA:516,0
DA:517,0
LF:143
LH:0
BRDA:7,0,0,0
BRDA:7,0,1,0
BRDA:20,1,0,0
BRDA:20,1,1,0
BRDA:50,2,0,0
BRDA:50,2,1,0
BRDA:51,3,0,0
BRDA:51,3,1,0
BRDA:81,4,0,0
BRDA:125,5,0,0
BRDA:138,6,0,0
BRDA:149,7,0,0
BRDA:191,8,0,0
BRDA:215,9,0,0
BRDA:234,10,0,0
BRDA:279,11,0,0
BRDA:301,12,0,0
BRDA:301,12,1,0
BRDA:306,13,0,0
BRDA:306,13,1,0
BRDA:314,14,0,0
BRDA:351,15,0,0
BRDA:351,15,1,0
BRDA:351,16,0,0
BRDA:351,16,1,0
BRDA:367,17,0,0
BRDA:383,18,0,0
BRDA:385,19,0,0
BRDA:385,19,1,0
BRDA:404,20,0,0
BRDA:410,21,0,0
BRDA:410,21,1,0
BRDA:416,22,0,0
BRDA:416,22,1,0
BRDA:425,23,0,0
BRDA:425,23,1,0
BRDA:440,24,0,0
BRDA:447,25,0,0
BRDA:449,26,0,0
BRDA:449,26,1,0
BRDA:449,26,2,0
BRDA:492,27,0,0
BRDA:495,28,0,0
BRDA:495,28,1,0
BRDA:502,29,0,0
BRF:45
BRH:0
end_of_record
TN:
SF:src\tests\setup.ts
FN:3,(anonymous_0)
FN:4,(anonymous_1)
FN:14,(anonymous_2)
FNF:3
FNH:0
FNDA:0,(anonymous_0)
FNDA:0,(anonymous_1)
FNDA:0,(anonymous_2)
DA:1,0
DA:3,0
DA:4,0
DA:14,0
LF:4
LH:0
BRF:0
BRH:0
end_of_record
