TN:
SF:src\commands\productCommands.ts
FN:14,(anonymous_0)
FN:39,(anonymous_1)
FN:69,(anonymous_2)
FN:95,(anonymous_3)
FN:124,(anonymous_4)
FN:129,(anonymous_5)
FN:155,(anonymous_6)
FN:166,(anonymous_7)
FN:191,(anonymous_8)
FN:196,(anonymous_9)
FN:221,(anonymous_10)
FN:235,(anonymous_11)
FN:253,(anonymous_12)
FN:267,(anonymous_13)
FN:288,(anonymous_14)
FN:293,(anonymous_15)
FN:318,(anonymous_16)
FN:331,(anonymous_17)
FN:352,(anonymous_18)
FN:366,(anonymous_19)
FN:391,(anonymous_20)
FN:396,(anonymous_21)
FNF:22
FNH:0
FNDA:0,(anonymous_0)
FNDA:0,(anonymous_1)
FNDA:0,(anonymous_2)
FNDA:0,(anonymous_3)
FNDA:0,(anonymous_4)
FNDA:0,(anonymous_5)
FNDA:0,(anonymous_6)
FNDA:0,(anonymous_7)
FNDA:0,(anonymous_8)
FNDA:0,(anonymous_9)
FNDA:0,(anonymous_10)
FNDA:0,(anonymous_11)
FNDA:0,(anonymous_12)
FNDA:0,(anonymous_13)
FNDA:0,(anonymous_14)
FNDA:0,(anonymous_15)
FNDA:0,(anonymous_16)
FNDA:0,(anonymous_17)
FNDA:0,(anonymous_18)
FNDA:0,(anonymous_19)
FNDA:0,(anonymous_20)
FNDA:0,(anonymous_21)
DA:1,1
DA:2,1
DA:5,1
DA:13,1
DA:15,0
DA:36,0
DA:40,0
DA:56,0
DA:63,0
DA:68,1
DA:70,0
DA:71,0
DA:92,0
DA:96,0
DA:110,0
DA:118,0
DA:123,1
DA:125,0
DA:126,0
DA:130,0
DA:134,0
DA:135,0
DA:138,0
DA:143,0
DA:149,0
DA:154,1
DA:156,0
DA:163,0
DA:168,0
DA:169,0
DA:175,0
DA:179,0
DA:185,0
DA:190,1
DA:192,0
DA:193,0
DA:197,0
DA:201,0
DA:202,0
DA:205,0
DA:209,0
DA:215,0
DA:220,1
DA:222,0
DA:232,0
DA:236,0
DA:240,0
DA:247,0
DA:252,1
DA:254,0
DA:255,0
DA:264,0
DA:268,0
DA:276,0
DA:282,0
DA:287,1
DA:289,0
DA:290,0
DA:294,0
DA:298,0
DA:299,0
DA:302,0
DA:306,0
DA:312,0
DA:317,1
DA:319,0
DA:328,0
DA:332,0
DA:340,0
DA:346,0
DA:351,1
DA:353,0
DA:354,0
DA:363,0
DA:367,0
DA:379,0
DA:385,0
DA:390,1
DA:392,0
DA:393,0
DA:397,0
DA:401,0
DA:402,0
DA:406,0
DA:410,0
DA:411,0
DA:414,0
DA:418,0
DA:424,0
LF:89
LH:14
BRDA:134,0,0,0
BRDA:168,1,0,0
BRDA:201,2,0,0
BRDA:298,3,0,0
BRDA:401,4,0,0
BRDA:410,5,0,0
BRF:6
BRH:0
end_of_record
TN:
SF:src\config\rabbitmq.ts
FN:11,(anonymous_0)
FN:24,(anonymous_1)
FNF:2
FNH:0
FNDA:0,(anonymous_0)
FNDA:0,(anonymous_1)
DA:3,1
DA:11,1
DA:12,0
DA:14,0
DA:16,0
DA:18,0
DA:19,0
DA:21,0
DA:24,1
DA:29,0
DA:31,0
LF:11
LH:3
BRDA:12,0,0,0
BRDA:12,0,1,0
BRDA:29,1,0,0
BRDA:29,1,1,0
BRF:4
BRH:0
end_of_record
TN:
SF:src\controllers\categoryController.ts
FN:7,(anonymous_1)
FN:20,(anonymous_2)
FN:33,(anonymous_3)
FN:46,(anonymous_4)
FN:60,(anonymous_5)
FN:74,(anonymous_6)
FN:90,(anonymous_7)
FN:102,(anonymous_8)
FNF:8
FNH:0
FNDA:0,(anonymous_1)
FNDA:0,(anonymous_2)
FNDA:0,(anonymous_3)
FNDA:0,(anonymous_4)
FNDA:0,(anonymous_5)
FNDA:0,(anonymous_6)
FNDA:0,(anonymous_7)
FNDA:0,(anonymous_8)
DA:2,1
DA:3,1
DA:6,1
DA:8,0
DA:9,0
DA:10,0
DA:11,0
DA:16,0
DA:21,0
DA:22,0
DA:23,0
DA:24,0
DA:29,0
DA:34,0
DA:35,0
DA:36,0
DA:37,0
DA:42,0
DA:47,0
DA:48,0
DA:49,0
DA:50,0
DA:51,0
DA:56,0
DA:61,0
DA:62,0
DA:63,0
DA:64,0
DA:65,0
DA:70,0
DA:75,0
DA:76,0
DA:77,0
DA:81,0
DA:86,0
DA:91,0
DA:92,0
DA:93,0
DA:98,0
DA:103,0
DA:104,0
DA:105,0
DA:106,0
DA:110,0
DA:115,0
DA:120,1
LF:46
LH:4
BRDA:108,0,0,0
BRDA:108,0,1,0
BRF:2
BRH:0
end_of_record
TN:
SF:src\controllers\productController.ts
FN:9,(anonymous_1)
FN:22,(anonymous_2)
FN:35,(anonymous_3)
FN:48,(anonymous_4)
FN:61,(anonymous_5)
FN:75,(anonymous_6)
FN:89,(anonymous_7)
FN:128,(anonymous_8)
FN:143,(anonymous_9)
FN:160,(anonymous_10)
FN:178,(anonymous_11)
FN:191,(anonymous_12)
FN:206,(anonymous_13)
FN:219,(anonymous_14)
FN:233,(anonymous_15)
FN:248,(anonymous_16)
FN:265,(anonymous_17)
FN:279,(anonymous_18)
FN:293,(anonymous_19)
FNF:19
FNH:1
FNDA:0,(anonymous_1)
FNDA:1,(anonymous_2)
FNDA:0,(anonymous_3)
FNDA:0,(anonymous_4)
FNDA:0,(anonymous_5)
FNDA:0,(anonymous_6)
FNDA:0,(anonymous_7)
FNDA:0,(anonymous_8)
FNDA:0,(anonymous_9)
FNDA:0,(anonymous_10)
FNDA:0,(anonymous_11)
FNDA:0,(anonymous_12)
FNDA:0,(anonymous_13)
FNDA:0,(anonymous_14)
FNDA:0,(anonymous_15)
FNDA:0,(anonymous_16)
FNDA:0,(anonymous_17)
FNDA:0,(anonymous_18)
FNDA:0,(anonymous_19)
DA:2,2
DA:3,2
DA:7,2
DA:10,0
DA:11,0
DA:12,0
DA:13,0
DA:18,0
DA:23,1
DA:24,1
DA:25,1
DA:26,1
DA:31,0
DA:36,0
DA:37,0
DA:38,0
DA:39,0
DA:44,0
DA:49,0
DA:50,0
DA:51,0
DA:52,0
DA:57,0
DA:62,0
DA:63,0
DA:64,0
DA:65,0
DA:66,0
DA:71,0
DA:76,0
DA:77,0
DA:78,0
DA:79,0
DA:80,0
DA:85,0
DA:90,0
DA:103,0
DA:105,0
DA:119,0
DA:124,0
DA:129,0
DA:130,0
DA:131,0
DA:134,0
DA:139,0
DA:144,0
DA:145,0
DA:146,0
DA:147,0
DA:151,0
DA:156,0
DA:161,0
DA:162,0
DA:163,0
DA:168,0
DA:173,0
DA:179,0
DA:180,0
DA:181,0
DA:182,0
DA:187,0
DA:192,0
DA:193,0
DA:194,0
DA:195,0
DA:196,0
DA:201,0
DA:207,0
DA:208,0
DA:209,0
DA:210,0
DA:215,0
DA:220,0
DA:221,0
DA:222,0
DA:223,0
DA:224,0
DA:229,0
DA:234,0
DA:235,0
DA:236,0
DA:237,0
DA:238,0
DA:243,0
DA:249,0
DA:250,0
DA:251,0
DA:252,0
DA:256,0
DA:261,0
DA:266,0
DA:267,0
DA:268,0
DA:269,0
DA:270,0
DA:275,0
DA:280,0
DA:281,0
DA:282,0
DA:283,0
DA:284,0
DA:289,0
DA:294,0
DA:295,0
DA:296,0
DA:297,0
DA:302,0
DA:307,0
DA:312,2
LF:109
LH:8
BRDA:110,0,0,0
BRDA:110,0,1,0
BRDA:110,1,0,0
BRDA:110,1,1,0
BRDA:111,2,0,0
BRDA:111,2,1,0
BRDA:112,3,0,0
BRDA:112,3,1,0
BRDA:115,4,0,0
BRDA:115,4,1,0
BRDA:116,5,0,0
BRDA:116,5,1,0
BRDA:132,6,0,0
BRDA:132,6,1,0
BRDA:149,7,0,0
BRDA:149,7,1,0
BRDA:165,8,0,0
BRDA:165,8,1,0
BRDA:166,9,0,0
BRDA:166,9,1,0
BRDA:251,10,0,0
BRDA:251,10,1,0
BRDA:268,11,0,0
BRDA:268,11,1,0
BRDA:282,12,0,0
BRDA:282,12,1,0
BRDA:299,13,0,0
BRDA:299,13,1,0
BRDA:300,14,0,0
BRDA:300,14,1,0
BRF:30
BRH:0
end_of_record
TN:
SF:src\dtos\product.dto.ts
FNF:0
FNH:0
DA:1,0
DA:19,0
DA:22,0
DA:26,0
DA:30,0
DA:34,0
DA:38,0
DA:42,0
DA:47,0
DA:52,0
DA:57,0
DA:60,0
DA:64,0
DA:68,0
DA:72,0
DA:76,0
DA:81,0
DA:84,0
DA:88,0
DA:92,0
DA:97,0
DA:100,0
DA:104,0
DA:109,0
DA:114,0
DA:118,0
DA:122,0
DA:127,0
DA:132,0
DA:137,0
DA:142,0
DA:146,0
DA:150,0
DA:154,0
DA:158,0
DA:162,0
DA:167,0
DA:170,0
DA:174,0
DA:178,0
DA:183,0
DA:187,0
DA:189,0
DA:192,0
DA:196,0
DA:200,0
DA:205,0
DA:208,0
DA:211,0
DA:215,0
DA:219,0
DA:224,0
DA:228,0
DA:230,0
DA:234,0
DA:238,0
DA:242,0
DA:247,0
DA:252,0
DA:255,0
DA:259,0
DA:262,0
DA:266,0
DA:271,0
DA:276,0
DA:281,0
DA:286,0
DA:289,0
DA:293,0
DA:297,0
DA:299,0
DA:302,0
DA:307,0
DA:311,0
DA:315,0
DA:318,0
DA:323,0
DA:327,0
DA:331,0
DA:335,0
DA:339,0
DA:342,0
DA:346,0
DA:350,0
DA:354,0
DA:358,0
DA:362,0
DA:367,0
DA:370,0
DA:374,0
DA:379,0
DA:383,0
DA:387,0
DA:391,0
DA:395,0
DA:400,0
DA:404,0
DA:407,0
DA:411,0
DA:415,0
DA:419,0
DA:423,0
DA:427,0
DA:431,0
DA:435,0
DA:439,0
DA:443,0
DA:448,0
LF:108
LH:0
BRDA:255,0,0,0
BRDA:255,0,1,0
BRDA:255,1,0,0
BRDA:255,1,1,0
BRDA:289,2,0,0
BRDA:289,2,1,0
BRDA:289,3,0,0
BRDA:289,3,1,0
BRF:8
BRH:0
end_of_record
TN:
SF:src\dtos\productQuery.dto.ts
FN:34,(anonymous_2)
FN:40,(anonymous_3)
FN:54,(anonymous_4)
FN:60,(anonymous_5)
FNF:4
FNH:0
FNDA:0,(anonymous_2)
FNDA:0,(anonymous_3)
FNDA:0,(anonymous_4)
FNDA:0,(anonymous_5)
DA:1,0
DA:10,0
DA:12,0
DA:15,0
DA:19,0
DA:23,0
DA:27,0
DA:31,0
DA:34,0
DA:37,0
DA:40,0
DA:43,0
DA:47,0
DA:51,0
DA:54,0
DA:57,0
DA:60,0
DA:64,0
LF:18
LH:0
BRF:0
BRH:0
end_of_record
TN:
SF:src\lib\prisma.ts
FNF:0
FNH:0
DA:1,1
DA:3,1
DA:5,1
LF:3
LH:3
BRF:0
BRH:0
end_of_record
TN:
SF:src\middleware\auth.ts
FN:18,(anonymous_1)
FN:44,(anonymous_2)
FN:45,(anonymous_3)
FNF:3
FNH:3
FNDA:2,(anonymous_1)
FNDA:12,(anonymous_2)
FNDA:1,(anonymous_3)
DA:2,2
DA:3,2
DA:4,2
DA:18,2
DA:23,2
DA:24,2
DA:26,2
DA:27,1
DA:30,1
DA:31,1
DA:33,1
DA:34,1
DA:36,1
DA:37,0
DA:39,1
DA:44,2
DA:45,12
DA:46,1
DA:47,1
DA:48,0
DA:50,1
LF:21
LH:19
BRDA:26,0,0,1
BRDA:26,1,0,2
BRDA:26,1,1,1
BRDA:36,2,0,0
BRDA:36,2,1,1
BRDA:47,3,0,0
BRDA:47,4,0,1
BRDA:47,4,1,1
BRF:8
BRH:6
end_of_record
TN:
SF:src\middleware\errorHandler.ts
FN:10,(anonymous_0)
FN:42,(anonymous_1)
FN:54,(anonymous_2)
FNF:3
FNH:3
FNDA:1,(anonymous_0)
FNDA:1,(anonymous_1)
FNDA:4,(anonymous_2)
DA:2,4
DA:10,4
DA:16,1
DA:17,1
DA:19,1
DA:20,0
DA:28,1
DA:29,1
DA:35,0
DA:36,0
DA:42,4
DA:43,1
DA:44,1
DA:45,1
DA:46,1
DA:49,4
DA:55,4
DA:56,4
DA:57,4
DA:58,4
DA:59,4
LF:21
LH:18
BRDA:16,0,0,1
BRDA:16,0,1,0
BRDA:17,1,0,1
BRDA:17,1,1,0
BRDA:19,2,0,0
BRDA:28,3,0,1
BRDA:57,4,0,4
BRDA:57,4,1,0
BRF:8
BRH:4
end_of_record
TN:
SF:src\middleware\requestLogger.ts
FN:8,(anonymous_0)
FN:15,(anonymous_1)
FNF:2
FNH:0
FNDA:0,(anonymous_0)
FNDA:0,(anonymous_1)
DA:2,1
DA:8,1
DA:9,0
DA:10,0
DA:11,0
DA:13,0
DA:15,0
DA:16,0
DA:17,0
DA:25,0
DA:28,0
LF:11
LH:2
BRF:0
BRH:0
end_of_record
TN:
SF:src\middleware\validateDto.ts
FN:6,(anonymous_0)
FN:7,(anonymous_1)
FN:13,(anonymous_2)
FNF:3
FNH:0
FNDA:0,(anonymous_0)
FNDA:0,(anonymous_1)
FNDA:0,(anonymous_2)
DA:2,0
DA:3,0
DA:4,0
DA:6,0
DA:7,0
DA:8,0
DA:9,0
DA:11,0
DA:12,0
DA:13,0
DA:16,0
DA:18,0
DA:19,0
LF:13
LH:0
BRDA:11,0,0,0
BRDA:11,0,1,0
BRDA:13,1,0,0
BRDA:13,1,1,0
BRF:4
BRH:0
end_of_record
TN:
SF:src\queries\productQueries.ts
FN:15,(anonymous_1)
FN:25,(anonymous_2)
FN:37,(anonymous_3)
FN:39,(anonymous_4)
FN:82,(anonymous_5)
FN:84,(anonymous_6)
FN:127,(anonymous_7)
FN:129,(anonymous_8)
FN:172,(anonymous_9)
FN:174,(anonymous_10)
FN:240,(anonymous_11)
FN:246,(anonymous_12)
FN:280,(anonymous_13)
FN:282,(anonymous_14)
FN:308,(anonymous_15)
FN:314,(anonymous_16)
FN:350,(anonymous_17)
FN:352,(anonymous_18)
FN:378,(anonymous_19)
FN:380,(anonymous_20)
FN:411,(anonymous_22)
FN:443,(anonymous_23)
FN:463,(anonymous_24)
FN:474,(anonymous_25)
FN:480,(anonymous_26)
FNF:25
FNH:0
FNDA:0,(anonymous_1)
FNDA:0,(anonymous_2)
FNDA:0,(anonymous_3)
FNDA:0,(anonymous_4)
FNDA:0,(anonymous_5)
FNDA:0,(anonymous_6)
FNDA:0,(anonymous_7)
FNDA:0,(anonymous_8)
FNDA:0,(anonymous_9)
FNDA:0,(anonymous_10)
FNDA:0,(anonymous_11)
FNDA:0,(anonymous_12)
FNDA:0,(anonymous_13)
FNDA:0,(anonymous_14)
FNDA:0,(anonymous_15)
FNDA:0,(anonymous_16)
FNDA:0,(anonymous_17)
FNDA:0,(anonymous_18)
FNDA:0,(anonymous_19)
FNDA:0,(anonymous_20)
FNDA:0,(anonymous_22)
FNDA:0,(anonymous_23)
FNDA:0,(anonymous_24)
FNDA:0,(anonymous_25)
FNDA:0,(anonymous_26)
DA:1,1
DA:2,1
DA:3,1
DA:15,1
DA:16,0
DA:17,0
DA:18,0
DA:19,0
DA:21,0
DA:25,1
DA:26,0
DA:27,0
DA:29,0
DA:36,1
DA:37,0
DA:40,0
DA:42,0
DA:43,0
DA:45,0
DA:60,0
DA:62,0
DA:67,0
DA:73,0
DA:74,0
DA:81,1
DA:82,0
DA:85,0
DA:87,0
DA:88,0
DA:90,0
DA:105,0
DA:107,0
DA:112,0
DA:118,0
DA:119,0
DA:126,1
DA:127,0
DA:130,0
DA:132,0
DA:133,0
DA:135,0
DA:150,0
DA:152,0
DA:157,0
DA:163,0
DA:164,0
DA:171,1
DA:172,0
DA:187,0
DA:189,0
DA:191,0
DA:193,0
DA:194,0
DA:201,0
DA:202,0
DA:203,0
DA:204,0
DA:206,0
DA:207,0
DA:213,0
DA:215,0
DA:227,0
DA:239,1
DA:241,0
DA:242,0
DA:243,0
DA:247,0
DA:249,0
DA:259,0
DA:261,0
DA:272,0
DA:279,1
DA:280,0
DA:283,0
DA:285,0
DA:286,0
DA:288,0
DA:299,0
DA:300,0
DA:307,1
DA:309,0
DA:310,0
DA:311,0
DA:315,0
DA:317,0
DA:322,0
DA:337,0
DA:349,1
DA:350,0
DA:353,0
DA:355,0
DA:356,0
DA:358,0
DA:367,0
DA:369,0
DA:370,0
DA:377,1
DA:378,0
DA:381,0
DA:383,0
DA:384,0
DA:386,0
DA:395,0
DA:397,0
DA:398,0
DA:405,1
DA:407,0
DA:408,0
DA:412,0
DA:414,0
DA:415,0
DA:417,0
DA:419,0
DA:422,0
DA:424,0
DA:434,0
DA:435,0
DA:442,1
DA:444,0
DA:446,0
DA:447,0
DA:449,0
DA:463,0
DA:465,0
DA:466,0
DA:473,1
DA:475,0
DA:476,0
DA:477,0
DA:481,0
DA:483,0
DA:488,0
DA:502,0
LF:133
LH:17
BRDA:18,0,0,0
BRDA:25,1,0,0
BRDA:43,2,0,0
BRDA:60,3,0,0
BRDA:69,4,0,0
BRDA:69,4,1,0
BRDA:88,5,0,0
BRDA:105,6,0,0
BRDA:114,7,0,0
BRDA:114,7,1,0
BRDA:133,8,0,0
BRDA:150,9,0,0
BRDA:159,10,0,0
BRDA:159,10,1,0
BRDA:183,11,0,0
BRDA:184,12,0,0
BRDA:185,13,0,0
BRDA:186,14,0,0
BRDA:193,15,0,0
BRDA:201,16,0,0
BRDA:202,17,0,0
BRDA:203,18,0,0
BRDA:204,19,0,0
BRDA:206,20,0,0
BRDA:206,21,0,0
BRDA:206,21,1,0
BRDA:208,22,0,0
BRDA:208,22,1,0
BRDA:209,23,0,0
BRDA:209,23,1,0
BRDA:242,24,0,0
BRDA:243,25,0,0
BRDA:280,26,0,0
BRDA:286,27,0,0
BRDA:310,28,0,0
BRDA:311,29,0,0
BRDA:356,30,0,0
BRDA:367,31,0,0
BRDA:384,32,0,0
BRDA:395,33,0,0
BRDA:415,34,0,0
BRDA:419,35,0,0
BRDA:422,36,0,0
BRDA:428,37,0,0
BRDA:428,37,1,0
BRDA:447,38,0,0
BRDA:476,39,0,0
BRDA:477,40,0,0
BRDA:507,41,0,0
BRDA:507,41,1,0
BRF:50
BRH:0
end_of_record
TN:
SF:src\routes\categoryRoutes.ts
FNF:0
FNH:0
DA:1,1
DA:2,1
DA:3,1
DA:5,1
DA:8,1
DA:9,1
DA:10,1
DA:11,1
DA:12,1
DA:15,1
DA:17,1
DA:23,1
DA:29,1
DA:35,1
LF:14
LH:14
BRF:0
BRH:0
end_of_record
TN:
SF:src\routes\productRoutes.ts
FNF:0
FNH:0
DA:1,1
DA:2,1
DA:3,1
DA:7,1
DA:11,1
DA:12,1
DA:13,1
DA:14,1
DA:15,1
DA:16,1
DA:19,1
DA:22,1
DA:25,1
DA:31,1
DA:37,1
DA:44,1
DA:50,1
DA:57,1
DA:63,1
DA:69,1
DA:76,1
DA:81,1
DA:86,1
DA:91,1
LF:24
LH:24
BRF:0
BRH:0
end_of_record
TN:
SF:src\services\productService.ts
FN:53,(anonymous_1)
FN:85,(anonymous_2)
FN:118,(anonymous_3)
FN:132,(anonymous_4)
FN:143,(anonymous_5)
FN:154,(anonymous_6)
FN:165,(anonymous_7)
FN:182,(anonymous_8)
FN:187,(anonymous_9)
FN:192,(anonymous_10)
FN:198,(anonymous_11)
FN:211,(anonymous_12)
FN:223,(anonymous_13)
FN:245,(anonymous_14)
FN:267,(anonymous_15)
FN:279,(anonymous_16)
FN:323,(anonymous_17)
FN:342,(anonymous_18)
FN:363,(anonymous_19)
FN:369,(anonymous_20)
FN:392,(anonymous_21)
FN:429,(anonymous_22)
FN:451,(anonymous_23)
FN:462,(anonymous_24)
FN:473,(anonymous_25)
FN:478,(anonymous_26)
FN:484,(anonymous_27)
FN:501,(anonymous_28)
FNF:28
FNH:0
FNDA:0,(anonymous_1)
FNDA:0,(anonymous_2)
FNDA:0,(anonymous_3)
FNDA:0,(anonymous_4)
FNDA:0,(anonymous_5)
FNDA:0,(anonymous_6)
FNDA:0,(anonymous_7)
FNDA:0,(anonymous_8)
FNDA:0,(anonymous_9)
FNDA:0,(anonymous_10)
FNDA:0,(anonymous_11)
FNDA:0,(anonymous_12)
FNDA:0,(anonymous_13)
FNDA:0,(anonymous_14)
FNDA:0,(anonymous_15)
FNDA:0,(anonymous_16)
FNDA:0,(anonymous_17)
FNDA:0,(anonymous_18)
FNDA:0,(anonymous_19)
FNDA:0,(anonymous_20)
FNDA:0,(anonymous_21)
FNDA:0,(anonymous_22)
FNDA:0,(anonymous_23)
FNDA:0,(anonymous_24)
FNDA:0,(anonymous_25)
FNDA:0,(anonymous_26)
FNDA:0,(anonymous_27)
FNDA:0,(anonymous_28)
DA:1,1
DA:3,1
DA:4,1
DA:5,1
DA:8,1
DA:23,1
DA:51,1
DA:55,0
DA:59,0
DA:60,0
DA:64,0
DA:68,0
DA:69,0
DA:73,0
DA:77,0
DA:78,0
DA:81,0
DA:82,0
DA:86,0
DA:90,0
DA:91,0
DA:95,0
DA:96,0
DA:99,0
DA:100,0
DA:105,0
DA:106,0
DA:109,0
DA:110,0
DA:114,0
DA:115,0
DA:119,0
DA:123,0
DA:124,0
DA:127,0
DA:128,0
DA:133,0
DA:134,0
DA:136,0
DA:137,0
DA:140,0
DA:144,0
DA:145,0
DA:147,0
DA:148,0
DA:151,0
DA:155,0
DA:156,0
DA:158,0
DA:159,0
DA:162,0
DA:178,0
DA:179,0
DA:183,0
DA:184,0
DA:188,0
DA:189,0
DA:193,0
DA:194,0
DA:199,0
DA:203,0
DA:204,0
DA:207,0
DA:208,0
DA:212,0
DA:213,0
DA:215,0
DA:216,0
DA:219,0
DA:224,0
DA:228,0
DA:229,0
DA:233,0
DA:237,0
DA:238,0
DA:241,0
DA:242,0
DA:246,0
DA:250,0
DA:251,0
DA:254,0
DA:255,0
DA:258,0
DA:259,0
DA:263,0
DA:264,0
DA:268,0
DA:269,0
DA:271,0
DA:272,0
DA:275,0
DA:280,0
DA:284,0
DA:285,0
DA:289,0
DA:293,0
DA:294,0
DA:297,0
DA:307,0
DA:320,0
DA:324,0
DA:328,0
DA:329,0
DA:332,0
DA:333,0
DA:336,0
DA:343,0
DA:347,0
DA:348,0
DA:351,0
DA:352,0
DA:355,0
DA:359,0
DA:364,0
DA:365,0
DA:370,0
DA:374,0
DA:375,0
DA:378,0
DA:379,0
DA:383,0
DA:384,0
DA:388,0
DA:389,0
DA:393,0
DA:397,0
DA:398,0
DA:401,0
DA:402,0
DA:405,0
DA:406,0
DA:410,0
DA:412,0
DA:413,0
DA:416,0
DA:420,0
DA:421,0
DA:425,0
DA:426,0
DA:430,0
DA:434,0
DA:435,0
DA:438,0
DA:440,0
DA:441,0
DA:443,0
DA:444,0
DA:446,0
DA:452,0
DA:453,0
DA:455,0
DA:456,0
DA:459,0
DA:463,0
DA:464,0
DA:466,0
DA:467,0
DA:470,0
DA:474,0
DA:475,0
DA:479,0
DA:480,0
DA:485,0
DA:486,0
DA:490,0
DA:491,0
DA:492,0
DA:495,0
DA:496,0
DA:497,0
DA:502,0
DA:503,0
DA:507,0
DA:508,0
DA:511,0
DA:512,0
DA:513,0
DA:514,0
DA:519,1
LF:179
LH:8
BRDA:59,0,0,0
BRDA:68,1,0,0
BRDA:77,2,0,0
BRDA:90,3,0,0
BRDA:95,4,0,0
BRDA:95,5,0,0
BRDA:95,5,1,0
BRDA:99,6,0,0
BRDA:105,7,0,0
BRDA:105,8,0,0
BRDA:105,8,1,0
BRDA:109,9,0,0
BRDA:123,10,0,0
BRDA:136,11,0,0
BRDA:147,12,0,0
BRDA:158,13,0,0
BRDA:182,14,0,0
BRDA:187,15,0,0
BRDA:192,16,0,0
BRDA:192,17,0,0
BRDA:203,18,0,0
BRDA:215,19,0,0
BRDA:228,20,0,0
BRDA:237,21,0,0
BRDA:250,22,0,0
BRDA:254,23,0,0
BRDA:254,24,0,0
BRDA:254,24,1,0
BRDA:258,25,0,0
BRDA:271,26,0,0
BRDA:284,27,0,0
BRDA:293,28,0,0
BRDA:308,29,0,0
BRDA:308,29,1,0
BRDA:328,30,0,0
BRDA:332,31,0,0
BRDA:347,32,0,0
BRDA:351,33,0,0
BRDA:363,34,0,0
BRDA:363,35,0,0
BRDA:374,36,0,0
BRDA:378,37,0,0
BRDA:383,38,0,0
BRDA:397,39,0,0
BRDA:401,40,0,0
BRDA:401,41,0,0
BRDA:401,41,1,0
BRDA:405,42,0,0
BRDA:410,43,0,0
BRDA:412,44,0,0
BRDA:420,45,0,0
BRDA:434,46,0,0
BRDA:443,47,0,0
BRDA:455,48,0,0
BRDA:466,49,0,0
BRDA:473,50,0,0
BRDA:473,51,0,0
BRDA:490,52,0,0
BRDA:496,53,0,0
BRDA:507,54,0,0
BRDA:513,55,0,0
BRF:61
BRH:0
end_of_record
TN:
SF:src\test\setup.ts
FN:3,(anonymous_0)
FN:4,(anonymous_1)
FN:14,(anonymous_2)
FNF:3
FNH:0
FNDA:0,(anonymous_0)
FNDA:0,(anonymous_1)
FNDA:0,(anonymous_2)
DA:1,0
DA:3,0
DA:4,0
DA:14,0
LF:4
LH:0
BRF:0
BRH:0
end_of_record
