TN:
SF:src\config\rabbitmq.ts
FN:3,(anonymous_0)
FN:34,(anonymous_1)
FN:49,(anonymous_2)
FN:55,(anonymous_3)
FNF:4
FNH:0
FNDA:0,(anonymous_0)
FNDA:0,(anonymous_1)
FNDA:0,(anonymous_2)
FNDA:0,(anonymous_3)
DA:3,2
DA:4,0
DA:5,0
DA:7,0
DA:8,0
DA:11,0
DA:19,0
DA:27,0
DA:28,0
DA:29,0
DA:31,0
DA:34,2
DA:39,0
DA:41,0
DA:49,2
DA:53,0
DA:55,0
DA:56,0
DA:57,0
DA:58,0
DA:59,0
DA:61,0
DA:63,0
DA:64,0
DA:66,0
DA:67,0
LF:26
LH:3
BRDA:4,0,0,0
BRDA:4,0,1,0
BRDA:5,1,0,0
BRDA:5,1,1,0
BRDA:39,2,0,0
BRDA:39,2,1,0
BRDA:56,3,0,0
BRF:7
BRH:0
end_of_record
TN:
SF:src\controllers\paymentController.ts
FN:8,(anonymous_1)
FN:22,(anonymous_2)
FN:35,(anonymous_3)
FN:48,(anonymous_4)
FN:68,(anonymous_5)
FN:82,(anonymous_6)
FN:96,(anonymous_7)
FN:109,(anonymous_8)
FNF:8
FNH:0
FNDA:0,(anonymous_1)
FNDA:0,(anonymous_2)
FNDA:0,(anonymous_3)
FNDA:0,(anonymous_4)
FNDA:0,(anonymous_5)
FNDA:0,(anonymous_6)
FNDA:0,(anonymous_7)
FNDA:0,(anonymous_8)
DA:2,1
DA:3,1
DA:7,1
DA:9,0
DA:10,0
DA:11,0
DA:12,0
DA:13,0
DA:18,0
DA:23,0
DA:24,0
DA:25,0
DA:26,0
DA:31,0
DA:36,0
DA:37,0
DA:38,0
DA:39,0
DA:44,0
DA:49,0
DA:50,0
DA:57,0
DA:58,0
DA:64,0
DA:69,0
DA:70,0
DA:71,0
DA:72,0
DA:73,0
DA:78,0
DA:83,0
DA:84,0
DA:85,0
DA:86,0
DA:87,0
DA:92,0
DA:97,0
DA:98,0
DA:99,0
DA:100,0
DA:105,0
DA:110,0
DA:111,0
DA:112,0
DA:118,0
DA:119,0
DA:125,0
DA:130,1
LF:48
LH:4
BRDA:54,0,0,0
BRDA:54,0,1,0
BRDA:55,1,0,0
BRDA:55,1,1,0
BRDA:114,2,0,0
BRDA:114,2,1,0
BRDA:115,3,0,0
BRDA:115,3,1,0
BRF:8
BRH:0
end_of_record
TN:
SF:src\dtos\payment.dto.ts
FN:17,(anonymous_2)
FNF:1
FNH:1
FNDA:1,(anonymous_2)
DA:1,1
DA:17,1
DA:18,1
DA:19,1
DA:20,1
DA:23,1
DA:25,1
DA:28,1
DA:32,1
DA:36,1
DA:39,1
DA:43,1
DA:46,1
DA:49,1
DA:51,1
DA:56,1
DA:61,1
DA:65,1
DA:70,1
DA:73,1
DA:75,1
DA:80,1
DA:82,1
DA:86,1
DA:89,1
DA:91,1
DA:95,1
DA:98,1
DA:100,1
DA:104,1
DA:108,1
DA:111,1
DA:113,1
DA:116,1
DA:119,1
DA:123,1
DA:127,1
DA:132,1
DA:138,1
DA:141,1
DA:143,1
DA:146,1
DA:149,1
LF:43
LH:43
BRDA:17,0,0,1
BRDA:17,0,1,1
BRF:2
BRH:2
end_of_record
TN:
SF:src\middleware\auth.ts
FN:18,(anonymous_1)
FN:44,(anonymous_2)
FN:45,(anonymous_3)
FNF:3
FNH:3
FNDA:2,(anonymous_1)
FNDA:1,(anonymous_2)
FNDA:1,(anonymous_3)
DA:2,2
DA:3,2
DA:4,2
DA:18,2
DA:23,2
DA:24,2
DA:26,2
DA:27,1
DA:30,1
DA:31,1
DA:33,1
DA:34,1
DA:36,1
DA:37,0
DA:39,1
DA:44,2
DA:45,1
DA:46,1
DA:47,1
DA:48,0
DA:50,1
LF:21
LH:19
BRDA:26,0,0,1
BRDA:26,1,0,2
BRDA:26,1,1,1
BRDA:36,2,0,0
BRDA:36,2,1,1
BRDA:47,3,0,0
BRDA:47,4,0,1
BRDA:47,4,1,1
BRF:8
BRH:6
end_of_record
TN:
SF:src\middleware\errorHandler.ts
FN:10,(anonymous_0)
FN:42,(anonymous_1)
FN:54,(anonymous_2)
FNF:3
FNH:3
FNDA:1,(anonymous_0)
FNDA:1,(anonymous_1)
FNDA:3,(anonymous_2)
DA:2,4
DA:10,4
DA:16,1
DA:17,1
DA:19,1
DA:20,0
DA:28,1
DA:29,1
DA:35,0
DA:36,0
DA:42,4
DA:43,1
DA:44,1
DA:45,1
DA:46,1
DA:49,4
DA:55,3
DA:56,3
DA:57,3
DA:58,3
DA:59,3
LF:21
LH:18
BRDA:16,0,0,1
BRDA:16,0,1,0
BRDA:17,1,0,1
BRDA:17,1,1,0
BRDA:19,2,0,0
BRDA:28,3,0,1
BRDA:57,4,0,2
BRDA:57,4,1,1
BRF:8
BRH:5
end_of_record
TN:
SF:src\middleware\requestLogger.ts
FN:8,(anonymous_0)
FN:15,(anonymous_1)
FNF:2
FNH:0
FNDA:0,(anonymous_0)
FNDA:0,(anonymous_1)
DA:2,0
DA:8,0
DA:9,0
DA:10,0
DA:11,0
DA:13,0
DA:15,0
DA:16,0
DA:17,0
DA:25,0
DA:28,0
LF:11
LH:0
BRF:0
BRH:0
end_of_record
TN:
SF:src\middleware\validateDto.ts
FN:6,(anonymous_0)
FN:7,(anonymous_1)
FN:13,(anonymous_2)
FNF:3
FNH:1
FNDA:2,(anonymous_0)
FNDA:0,(anonymous_1)
FNDA:0,(anonymous_2)
DA:2,1
DA:3,1
DA:4,1
DA:6,1
DA:7,2
DA:8,0
DA:9,0
DA:11,0
DA:12,0
DA:13,0
DA:16,0
DA:18,0
DA:19,0
LF:13
LH:5
BRDA:11,0,0,0
BRDA:11,0,1,0
BRDA:13,1,0,0
BRDA:13,1,1,0
BRF:4
BRH:0
end_of_record
TN:
SF:src\routes\paymentRoutes.ts
FNF:0
FNH:0
DA:1,1
DA:2,1
DA:3,1
DA:4,1
DA:5,1
DA:7,1
DA:10,1
DA:13,1
DA:16,1
DA:17,1
DA:18,1
DA:19,1
DA:20,1
DA:23,1
DA:26,1
DA:28,1
LF:16
LH:16
BRF:0
BRH:0
end_of_record
TN:
SF:src\services\paymentService.ts
FN:14,(anonymous_0)
FN:61,(anonymous_1)
FN:66,(anonymous_2)
FN:155,(anonymous_3)
FN:205,(anonymous_4)
FN:208,(anonymous_5)
FN:215,(anonymous_6)
FN:244,(anonymous_7)
FN:263,(anonymous_8)
FN:285,(anonymous_9)
FN:330,(anonymous_10)
FN:349,(anonymous_11)
FN:350,(anonymous_12)
FN:384,(anonymous_13)
FN:389,(anonymous_14)
FN:427,(anonymous_15)
FN:494,(anonymous_16)
FN:550,(anonymous_17)
FN:562,(anonymous_18)
FN:599,(anonymous_19)
FNF:20
FNH:0
FNDA:0,(anonymous_0)
FNDA:0,(anonymous_1)
FNDA:0,(anonymous_2)
FNDA:0,(anonymous_3)
FNDA:0,(anonymous_4)
FNDA:0,(anonymous_5)
FNDA:0,(anonymous_6)
FNDA:0,(anonymous_7)
FNDA:0,(anonymous_8)
FNDA:0,(anonymous_9)
FNDA:0,(anonymous_10)
FNDA:0,(anonymous_11)
FNDA:0,(anonymous_12)
FNDA:0,(anonymous_13)
FNDA:0,(anonymous_14)
FNDA:0,(anonymous_15)
FNDA:0,(anonymous_16)
FNDA:0,(anonymous_17)
FNDA:0,(anonymous_18)
FNDA:0,(anonymous_19)
DA:1,2
DA:2,2
DA:3,2
DA:4,2
DA:5,2
DA:8,2
DA:10,2
DA:15,0
DA:19,0
DA:20,0
DA:26,0
DA:39,0
DA:49,0
DA:55,0
DA:66,0
DA:68,0
DA:70,0
DA:74,0
DA:75,0
DA:78,0
DA:79,0
DA:88,0
DA:100,0
DA:102,0
DA:112,0
DA:115,0
DA:117,0
DA:125,0
DA:137,0
DA:146,0
DA:159,0
DA:160,0
DA:166,0
DA:168,0
DA:170,0
DA:171,0
DA:172,0
DA:173,0
DA:174,0
DA:175,0
DA:178,0
DA:179,0
DA:182,0
DA:183,0
DA:186,0
DA:189,0
DA:190,0
DA:193,0
DA:197,0
DA:206,0
DA:208,0
DA:216,0
DA:235,0
DA:236,0
DA:238,0
DA:245,0
DA:253,0
DA:254,0
DA:257,0
DA:264,0
DA:272,0
DA:273,0
DA:279,0
DA:292,0
DA:293,0
DA:294,0
DA:296,0
DA:297,0
DA:298,0
DA:299,0
DA:301,0
DA:316,0
DA:331,0
DA:336,0
DA:337,0
DA:340,0
DA:342,0
DA:348,0
DA:349,0
DA:350,0
DA:352,0
DA:353,0
DA:359,0
DA:368,0
DA:378,0
DA:389,0
DA:391,0
DA:393,0
DA:394,0
DA:403,0
DA:419,0
DA:426,0
DA:427,0
DA:432,0
DA:433,0
DA:439,0
DA:440,0
DA:448,0
DA:458,0
DA:461,0
DA:469,0
DA:485,0
DA:495,0
DA:499,0
DA:500,0
DA:503,0
DA:507,0
DA:513,0
DA:522,0
DA:537,0
DA:544,0
DA:551,0
DA:563,0
DA:565,0
DA:567,0
DA:581,0
DA:591,0
DA:593,0
DA:600,0
DA:602,0
DA:609,0
DA:610,0
DA:612,0
DA:626,0
DA:627,0
DA:631,2
LF:126
LH:8
BRDA:19,0,0,0
BRDA:31,1,0,0
BRDA:31,1,1,0
BRDA:35,2,0,0
BRDA:35,2,1,0
BRDA:74,3,0,0
BRDA:78,4,0,0
BRDA:168,5,0,0
BRDA:168,5,1,0
BRDA:168,5,2,0
BRDA:168,5,3,0
BRDA:236,6,0,0
BRDA:236,6,1,0
BRDA:253,7,0,0
BRDA:272,8,0,0
BRDA:292,9,0,0
BRDA:292,9,1,0
BRDA:293,10,0,0
BRDA:293,10,1,0
BRDA:297,11,0,0
BRDA:298,12,0,0
BRDA:299,13,0,0
BRDA:336,14,0,0
BRDA:340,15,0,0
BRDA:340,16,0,0
BRDA:340,16,1,0
BRDA:352,17,0,0
BRDA:393,18,0,0
BRDA:432,19,0,0
BRDA:432,19,1,0
BRDA:439,20,0,0
BRDA:499,21,0,0
BRDA:503,22,0,0
BRDA:504,23,0,0
BRDA:504,23,1,0
BRDA:565,24,0,0
BRDA:565,24,1,0
BRDA:571,25,0,0
BRDA:571,25,1,0
BRDA:571,25,2,0
BRDA:572,26,0,0
BRDA:572,26,1,0
BRDA:609,27,0,0
BRDA:619,28,0,0
BRDA:619,28,1,0
BRF:45
BRH:0
end_of_record
TN:
SF:src\tests\setup.ts
FN:3,(anonymous_0)
FN:4,(anonymous_1)
FN:14,(anonymous_2)
FNF:3
FNH:0
FNDA:0,(anonymous_0)
FNDA:0,(anonymous_1)
FNDA:0,(anonymous_2)
DA:1,0
DA:3,0
DA:4,0
DA:14,0
LF:4
LH:0
BRF:0
BRH:0
end_of_record
