TN:
SF:src\config\rabbitmq.ts
FN:11,(anonymous_0)
FN:30,(anonymous_1)
FN:45,(anonymous_2)
FN:51,(anonymous_3)
FN:67,(anonymous_4)
FN:78,(anonymous_5)
FNF:6
FNH:0
FNDA:0,(anonymous_0)
FNDA:0,(anonymous_1)
FNDA:0,(anonymous_2)
FNDA:0,(anonymous_3)
FNDA:0,(anonymous_4)
FNDA:0,(anonymous_5)
DA:3,1
DA:11,1
DA:12,0
DA:13,0
DA:15,0
DA:16,0
DA:18,0
DA:19,0
DA:21,0
DA:22,0
DA:23,0
DA:25,0
DA:27,0
DA:30,1
DA:35,0
DA:37,0
DA:45,1
DA:49,0
DA:51,0
DA:52,0
DA:53,0
DA:54,0
DA:55,0
DA:57,0
DA:58,0
DA:60,0
DA:61,0
DA:67,1
DA:71,0
DA:72,0
DA:75,0
DA:76,0
DA:78,0
DA:79,0
DA:80,0
DA:81,0
DA:82,0
DA:84,0
DA:85,0
DA:87,0
DA:88,0
LF:41
LH:5
BRDA:12,0,0,0
BRDA:12,0,1,0
BRDA:13,1,0,0
BRDA:13,1,1,0
BRDA:35,2,0,0
BRDA:35,2,1,0
BRDA:52,3,0,0
BRDA:72,4,0,0
BRDA:72,4,1,0
BRDA:79,5,0,0
BRF:10
BRH:0
end_of_record
TN:
SF:src\controllers\inventoryController.ts
FN:8,(anonymous_1)
FN:21,(anonymous_2)
FN:34,(anonymous_3)
FN:47,(anonymous_4)
FN:64,(anonymous_5)
FN:76,(anonymous_6)
FN:90,(anonymous_7)
FN:110,(anonymous_8)
FN:126,(anonymous_9)
FN:142,(anonymous_10)
FN:158,(anonymous_11)
FN:174,(anonymous_12)
FN:191,(anonymous_13)
FN:215,(anonymous_14)
FN:235,(anonymous_15)
FN:247,(anonymous_16)
FN:260,(anonymous_17)
FN:273,(anonymous_18)
FNF:18
FNH:0
FNDA:0,(anonymous_1)
FNDA:0,(anonymous_2)
FNDA:0,(anonymous_3)
FNDA:0,(anonymous_4)
FNDA:0,(anonymous_5)
FNDA:0,(anonymous_6)
FNDA:0,(anonymous_7)
FNDA:0,(anonymous_8)
FNDA:0,(anonymous_9)
FNDA:0,(anonymous_10)
FNDA:0,(anonymous_11)
FNDA:0,(anonymous_12)
FNDA:0,(anonymous_13)
FNDA:0,(anonymous_14)
FNDA:0,(anonymous_15)
FNDA:0,(anonymous_16)
FNDA:0,(anonymous_17)
FNDA:0,(anonymous_18)
DA:2,1
DA:3,1
DA:6,1
DA:9,0
DA:10,0
DA:11,0
DA:12,0
DA:17,0
DA:22,0
DA:23,0
DA:24,0
DA:25,0
DA:30,0
DA:35,0
DA:36,0
DA:37,0
DA:38,0
DA:43,0
DA:48,0
DA:49,0
DA:54,0
DA:55,0
DA:60,0
DA:65,0
DA:66,0
DA:67,0
DA:72,0
DA:77,0
DA:78,0
DA:79,0
DA:80,0
DA:85,0
DA:91,0
DA:92,0
DA:93,0
DA:94,0
DA:96,0
DA:101,0
DA:106,0
DA:111,0
DA:112,0
DA:113,0
DA:115,0
DA:117,0
DA:122,0
DA:127,0
DA:128,0
DA:129,0
DA:131,0
DA:133,0
DA:138,0
DA:143,0
DA:144,0
DA:145,0
DA:147,0
DA:149,0
DA:154,0
DA:159,0
DA:160,0
DA:161,0
DA:163,0
DA:165,0
DA:170,0
DA:175,0
DA:176,0
DA:177,0
DA:179,0
DA:181,0
DA:186,0
DA:192,0
DA:193,0
DA:194,0
DA:202,0
DA:204,0
DA:210,0
DA:216,0
DA:217,0
DA:218,0
DA:223,0
DA:225,0
DA:230,0
DA:236,0
DA:237,0
DA:238,0
DA:243,0
DA:248,0
DA:249,0
DA:250,0
DA:251,0
DA:256,0
DA:261,0
DA:262,0
DA:263,0
DA:264,0
DA:269,0
DA:274,0
DA:275,0
DA:278,0
DA:279,0
DA:284,0
DA:289,1
LF:101
LH:4
BRDA:177,0,0,0
BRDA:177,0,1,0
BRDA:196,1,0,0
BRDA:196,1,1,0
BRDA:197,2,0,0
BRDA:197,2,1,0
BRDA:198,3,0,0
BRDA:198,3,1,0
BRDA:199,4,0,0
BRDA:199,4,1,0
BRF:10
BRH:0
end_of_record
TN:
SF:src\dtos\inventory.dto.ts
FNF:0
FNH:0
DA:1,1
DA:3,1
DA:5,1
DA:8,1
DA:11,1
DA:15,1
DA:20,1
DA:25,1
DA:30,1
DA:35,1
DA:39,1
DA:43,1
DA:46,1
DA:49,1
DA:53,1
DA:58,1
DA:63,1
DA:68,1
DA:72,1
DA:76,1
DA:80,1
DA:83,1
DA:86,1
DA:89,1
DA:93,1
DA:97,1
DA:101,1
DA:106,1
DA:109,1
DA:111,1
DA:115,1
DA:120,1
DA:123,1
DA:125,1
DA:129,1
DA:132,1
DA:134,1
DA:138,1
DA:142,1
DA:145,1
DA:147,1
DA:150,1
DA:153,1
DA:156,1
DA:159,1
DA:162,1
DA:165,1
DA:169,1
DA:173,1
DA:178,1
DA:181,1
DA:184,1
DA:188,1
DA:192,1
DA:196,1
DA:200,1
DA:204,1
DA:208,1
DA:212,1
DA:217,1
DA:221,1
DA:224,1
DA:227,1
LF:63
LH:63
BRF:0
BRH:0
end_of_record
TN:
SF:src\lib\prisma.ts
FNF:0
FNH:0
DA:1,1
DA:3,1
DA:7,1
DA:11,1
DA:13,1
LF:5
LH:5
BRDA:7,0,0,1
BRDA:7,0,1,1
BRDA:8,1,0,0
BRDA:8,1,1,1
BRDA:11,2,0,1
BRF:5
BRH:4
end_of_record
TN:
SF:src\middleware\auth.ts
FN:18,(anonymous_1)
FN:44,(anonymous_2)
FN:45,(anonymous_3)
FNF:3
FNH:3
FNDA:2,(anonymous_1)
FNDA:8,(anonymous_2)
FNDA:1,(anonymous_3)
DA:2,2
DA:3,2
DA:4,2
DA:18,2
DA:23,2
DA:24,2
DA:26,2
DA:27,1
DA:30,1
DA:31,1
DA:33,1
DA:34,1
DA:36,1
DA:37,0
DA:39,1
DA:44,2
DA:45,8
DA:46,1
DA:47,1
DA:48,0
DA:50,1
LF:21
LH:19
BRDA:26,0,0,1
BRDA:26,1,0,2
BRDA:26,1,1,1
BRDA:36,2,0,0
BRDA:36,2,1,1
BRDA:47,3,0,0
BRDA:47,4,0,1
BRDA:47,4,1,1
BRF:8
BRH:6
end_of_record
TN:
SF:src\middleware\errorHandler.ts
FN:10,(anonymous_0)
FN:42,(anonymous_1)
FN:54,(anonymous_2)
FNF:3
FNH:3
FNDA:1,(anonymous_0)
FNDA:1,(anonymous_1)
FNDA:3,(anonymous_2)
DA:2,3
DA:10,3
DA:16,1
DA:17,1
DA:19,1
DA:20,0
DA:28,1
DA:29,1
DA:35,0
DA:36,0
DA:42,3
DA:43,1
DA:44,1
DA:45,1
DA:46,1
DA:49,3
DA:55,3
DA:56,3
DA:57,3
DA:58,3
DA:59,3
LF:21
LH:18
BRDA:16,0,0,1
BRDA:16,0,1,0
BRDA:17,1,0,1
BRDA:17,1,1,0
BRDA:19,2,0,0
BRDA:28,3,0,1
BRDA:57,4,0,2
BRDA:57,4,1,1
BRF:8
BRH:5
end_of_record
TN:
SF:src\middleware\requestLogger.ts
FN:8,(anonymous_0)
FN:15,(anonymous_1)
FNF:2
FNH:0
FNDA:0,(anonymous_0)
FNDA:0,(anonymous_1)
DA:2,1
DA:8,1
DA:9,0
DA:10,0
DA:11,0
DA:13,0
DA:15,0
DA:16,0
DA:17,0
DA:25,0
DA:28,0
LF:11
LH:2
BRF:0
BRH:0
end_of_record
TN:
SF:src\middleware\validateDto.ts
FN:6,(anonymous_0)
FN:7,(anonymous_1)
FN:13,(anonymous_2)
FNF:3
FNH:1
FNDA:9,(anonymous_0)
FNDA:0,(anonymous_1)
FNDA:0,(anonymous_2)
DA:2,1
DA:3,1
DA:4,1
DA:6,1
DA:7,9
DA:8,0
DA:9,0
DA:11,0
DA:12,0
DA:13,0
DA:16,0
DA:18,0
DA:19,0
LF:13
LH:5
BRDA:11,0,0,0
BRDA:11,0,1,0
BRDA:13,1,0,0
BRDA:13,1,1,0
BRF:4
BRH:0
end_of_record
TN:
SF:src\routes\inventoryRoutes.ts
FNF:0
FNH:0
DA:1,1
DA:2,1
DA:3,1
DA:4,1
DA:5,1
DA:16,1
DA:19,1
DA:22,1
DA:23,1
DA:25,1
DA:26,1
DA:27,1
DA:29,1
DA:30,1
DA:33,1
DA:34,1
DA:35,1
DA:36,1
DA:37,1
DA:40,1
DA:43,1
DA:46,1
DA:47,1
DA:48,1
DA:49,1
DA:51,1
LF:26
LH:26
BRF:0
BRH:0
end_of_record
TN:
SF:src\services\inventoryService.ts
FN:13,(anonymous_1)
FN:35,(anonymous_2)
FN:55,(anonymous_3)
FN:75,(anonymous_4)
FN:103,(anonymous_5)
FN:140,(anonymous_6)
FN:156,(anonymous_7)
FN:240,(anonymous_8)
FN:298,(anonymous_9)
FN:361,(anonymous_10)
FN:428,(anonymous_11)
FN:557,(anonymous_12)
FN:586,(anonymous_13)
FN:623,(anonymous_14)
FN:644,(anonymous_15)
FN:666,(anonymous_16)
FN:681,(anonymous_17)
FN:696,(anonymous_18)
FN:713,(anonymous_19)
FN:714,(anonymous_20)
FN:720,(anonymous_21)
FN:733,(anonymous_22)
FN:739,(anonymous_23)
FNF:23
FNH:0
FNDA:0,(anonymous_1)
FNDA:0,(anonymous_2)
FNDA:0,(anonymous_3)
FNDA:0,(anonymous_4)
FNDA:0,(anonymous_5)
FNDA:0,(anonymous_6)
FNDA:0,(anonymous_7)
FNDA:0,(anonymous_8)
FNDA:0,(anonymous_9)
FNDA:0,(anonymous_10)
FNDA:0,(anonymous_11)
FNDA:0,(anonymous_12)
FNDA:0,(anonymous_13)
FNDA:0,(anonymous_14)
FNDA:0,(anonymous_15)
FNDA:0,(anonymous_16)
FNDA:0,(anonymous_17)
FNDA:0,(anonymous_18)
FNDA:0,(anonymous_19)
FNDA:0,(anonymous_20)
FNDA:0,(anonymous_21)
FNDA:0,(anonymous_22)
FNDA:0,(anonymous_23)
DA:1,1
DA:2,1
DA:3,1
DA:4,1
DA:6,1
DA:8,1
DA:9,1
DA:11,1
DA:15,0
DA:16,0
DA:17,0
DA:20,0
DA:25,0
DA:26,0
DA:30,0
DA:31,0
DA:36,0
DA:37,0
DA:38,0
DA:41,0
DA:46,0
DA:47,0
DA:50,0
DA:51,0
DA:56,0
DA:57,0
DA:58,0
DA:61,0
DA:66,0
DA:67,0
DA:70,0
DA:71,0
DA:80,0
DA:82,0
DA:83,0
DA:86,0
DA:87,0
DA:90,0
DA:91,0
DA:92,0
DA:95,0
DA:115,0
DA:116,0
DA:134,0
DA:136,0
DA:141,0
DA:150,0
DA:152,0
DA:165,0
DA:169,0
DA:170,0
DA:173,0
DA:176,0
DA:178,0
DA:179,0
DA:181,0
DA:182,0
DA:184,0
DA:185,0
DA:187,0
DA:190,0
DA:193,0
DA:220,0
DA:223,0
DA:226,0
DA:236,0
DA:245,0
DA:249,0
DA:250,0
DA:253,0
DA:254,0
DA:257,0
DA:258,0
DA:260,0
DA:280,0
DA:283,0
DA:294,0
DA:302,0
DA:306,0
DA:307,0
DA:311,0
DA:319,0
DA:320,0
DA:324,0
DA:344,0
DA:347,0
DA:357,0
DA:365,0
DA:369,0
DA:370,0
DA:373,0
DA:381,0
DA:382,0
DA:385,0
DA:386,0
DA:388,0
DA:418,0
DA:421,0
DA:422,0
DA:424,0
DA:433,0
DA:437,0
DA:438,0
DA:441,0
DA:445,0
DA:446,0
DA:449,0
DA:450,0
DA:453,0
DA:456,0
DA:464,0
DA:466,0
DA:510,0
DA:551,0
DA:553,0
DA:558,0
DA:562,0
DA:563,0
DA:572,0
DA:593,0
DA:595,0
DA:596,0
DA:599,0
DA:600,0
DA:601,0
DA:602,0
DA:604,0
DA:605,0
DA:609,0
DA:619,0
DA:627,0
DA:629,0
DA:630,0
DA:633,0
DA:634,0
DA:637,0
DA:645,0
DA:653,0
DA:654,0
DA:659,0
DA:662,0
DA:678,0
DA:682,0
DA:686,0
DA:687,0
DA:690,0
DA:697,0
DA:706,0
DA:707,0
DA:711,0
DA:713,0
DA:714,0
DA:717,0
DA:721,0
DA:722,0
DA:723,0
DA:726,0
DA:734,0
DA:735,0
DA:736,0
DA:740,0
DA:741,0
DA:743,0
DA:744,0
DA:754,0
DA:755,0
DA:769,1
LF:167
LH:9
BRDA:16,0,0,0
BRDA:25,1,0,0
BRDA:37,2,0,0
BRDA:46,3,0,0
BRDA:57,4,0,0
BRDA:66,5,0,0
BRDA:82,6,0,0
BRDA:86,7,0,0
BRDA:90,8,0,0
BRDA:91,9,0,0
BRDA:91,9,1,0
BRDA:115,10,0,0
BRDA:115,10,1,0
BRDA:125,11,0,0
BRDA:125,11,1,0
BRDA:125,12,0,0
BRDA:125,12,1,0
BRDA:126,13,0,0
BRDA:126,13,1,0
BRDA:127,14,0,0
BRDA:127,14,1,0
BRDA:169,15,0,0
BRDA:176,16,0,0
BRDA:176,16,1,0
BRDA:176,16,2,0
BRDA:176,16,3,0
BRDA:190,17,0,0
BRDA:190,17,1,0
BRDA:205,18,0,0
BRDA:205,18,1,0
BRDA:249,19,0,0
BRDA:253,20,0,0
BRDA:258,21,0,0
BRDA:258,21,1,0
BRDA:306,22,0,0
BRDA:319,23,0,0
BRDA:369,24,0,0
BRDA:381,25,0,0
BRDA:437,26,0,0
BRDA:445,27,0,0
BRDA:449,28,0,0
BRDA:464,29,0,0
BRDA:464,29,1,0
BRDA:562,30,0,0
BRDA:579,31,0,0
BRDA:579,31,1,0
BRDA:595,32,0,0
BRDA:599,33,0,0
BRDA:599,34,0,0
BRDA:599,34,1,0
BRDA:601,35,0,0
BRDA:604,36,0,0
BRDA:613,37,0,0
BRDA:613,37,1,0
BRDA:614,38,0,0
BRDA:614,38,1,0
BRDA:629,39,0,0
BRDA:633,40,0,0
BRDA:686,41,0,0
BRDA:706,42,0,0
BRDA:722,43,0,0
BRDA:740,44,0,0
BRDA:740,44,1,0
BRDA:741,45,0,0
BRDA:741,45,1,0
BRDA:743,46,0,0
BRDA:743,46,1,0
BRDA:754,47,0,0
BRF:68
BRH:0
end_of_record
TN:
SF:src\tests\setup.ts
FN:3,(anonymous_0)
FN:4,(anonymous_1)
FN:14,(anonymous_2)
FNF:3
FNH:0
FNDA:0,(anonymous_0)
FNDA:0,(anonymous_1)
FNDA:0,(anonymous_2)
DA:1,0
DA:3,0
DA:4,0
DA:14,0
LF:4
LH:0
BRF:0
BRH:0
end_of_record
